------------------------------------------------------------------------------------------------------------------------

[2022-03-07 21:11:04 #1 store] 
Database 'D:\Aplicaciones\Eclipse\Repositorios De Trabajo\21-22\Bets-21\src\main\resources\bets.temp' is opened by 8728@Portatil

[2022-03-07 21:11:04 #2 type.registry] 
New type domain.Question

[2022-03-07 21:11:04 #3 type] 
Type domain.Question is not enhanced.

[2022-03-07 21:11:04 #4 type.registry] 
New type domain.Event

[2022-03-07 21:11:04 #5 type] 
Type domain.Event is not enhanced.

[2022-03-07 21:11:04 #6 type.registry] 
New type java.util.Vector<domain.Question>

[2022-03-07 21:11:04 #7 type.registry] 
New type java.util.Vector<java.lang.Object>

------------------------------------------------------------------------------------------------------------------------

[2022-03-07 21:15:23 #1 store] 
Database 'D:\Aplicaciones\Eclipse\Repositorios De Trabajo\21-22\Bets-21\src\main\resources\bets.temp' is opened by 13400@Portatil

[2022-03-07 21:15:23 #2 type.registry] 
New type domain.Question

[2022-03-07 21:15:23 #3 type] 
Type domain.Question is not enhanced.

[2022-03-07 21:15:23 #4 type.registry] 
New type domain.Event

[2022-03-07 21:15:23 #5 type] 
Type domain.Event is not enhanced.

[2022-03-07 21:15:23 #6 type.registry] 
New type java.util.Vector<domain.Question>

[2022-03-07 21:15:23 #7 type.registry] 
New type java.util.Vector<java.lang.Object>

------------------------------------------------------------------------------------------------------------------------

[2022-03-07 22:40:29 #1 store] 
Database 'D:\Aplicaciones\Eclipse\Repositorios De Trabajo\21-22\Bets-21\src\main\resources\bets.temp' is opened by 14612@Portatil

[2022-03-07 22:40:29 #2 type.registry] 
New type domain.Question

[2022-03-07 22:40:29 #3 type] 
Type domain.Question is not enhanced.

[2022-03-07 22:40:29 #4 type.registry] 
New type domain.Event

[2022-03-07 22:40:29 #5 type] 
Type domain.Event is not enhanced.

[2022-03-07 22:40:29 #6 type.registry] 
New type java.util.Vector<domain.Question>

[2022-03-07 22:40:29 #7 type.registry] 
New type java.util.Vector<java.lang.Object>

------------------------------------------------------------------------------------------------------------------------

[2022-03-07 22:40:52 #1 store] 
Database 'D:\Aplicaciones\Eclipse\Repositorios De Trabajo\21-22\Bets-21\src\main\resources\bets.temp' is opened by 10068@Portatil

[2022-03-07 22:40:52 #2 type.registry] 
New type domain.Question

[2022-03-07 22:40:52 #3 type] 
Type domain.Question is not enhanced.

[2022-03-07 22:40:52 #4 type.registry] 
New type domain.Event

[2022-03-07 22:40:52 #5 type] 
Type domain.Event is not enhanced.

[2022-03-07 22:40:52 #6 type.registry] 
New type java.util.Vector<domain.Question>

[2022-03-07 22:40:52 #7 type.registry] 
New type java.util.Vector<java.lang.Object>

------------------------------------------------------------------------------------------------------------------------

[2022-03-07 22:42:46 #1 store] 
Database 'D:\Aplicaciones\Eclipse\Repositorios De Trabajo\21-22\Bets-21\src\main\resources\bets.temp' is opened by 15044@Portatil

[2022-03-07 22:42:47 #2 type.registry] 
New type domain.Question

[2022-03-07 22:42:47 #3 type] 
Type domain.Question is not enhanced.

[2022-03-07 22:42:47 #4 type.registry] 
New type domain.Event

[2022-03-07 22:42:47 #5 type] 
Type domain.Event is not enhanced.

[2022-03-07 22:42:47 #6 type.registry] 
New type java.util.Vector<domain.Question>

[2022-03-07 22:42:47 #7 type.registry] 
New type java.util.Vector<java.lang.Object>

------------------------------------------------------------------------------------------------------------------------

[2022-03-07 22:43:32 #1 store] 
Database 'D:\Aplicaciones\Eclipse\Repositorios De Trabajo\21-22\Bets-21\src\main\resources\bets.temp' is opened by 9040@Portatil

[2022-03-07 22:43:32 #2 type.registry] 
New type domain.Question

[2022-03-07 22:43:32 #3 type] 
Type domain.Question is not enhanced.

[2022-03-07 22:43:32 #4 type.registry] 
New type domain.Event

[2022-03-07 22:43:32 #5 type] 
Type domain.Event is not enhanced.

[2022-03-07 22:43:32 #6 type.registry] 
New type java.util.Vector<domain.Question>

[2022-03-07 22:43:32 #7 type.registry] 
New type java.util.Vector<java.lang.Object>

------------------------------------------------------------------------------------------------------------------------

[2022-03-07 22:44:30 #1 store] 
Database 'D:\Aplicaciones\Eclipse\Repositorios De Trabajo\21-22\Bets-21\src\main\resources\bets.temp' is opened by 14200@Portatil

[2022-03-07 22:44:30 #2 type.registry] 
New type domain.Question

[2022-03-07 22:44:30 #3 type] 
Type domain.Question is not enhanced.

[2022-03-07 22:44:30 #4 type.registry] 
New type domain.Event

[2022-03-07 22:44:30 #5 type] 
Type domain.Event is not enhanced.

[2022-03-07 22:44:30 #6 type.registry] 
New type java.util.Vector<domain.Question>

[2022-03-07 22:44:30 #7 type.registry] 
New type java.util.Vector<java.lang.Object>

------------------------------------------------------------------------------------------------------------------------

[2022-03-07 22:51:37 #1 store] 
Database 'D:\Aplicaciones\Eclipse\Repositorios De Trabajo\21-22\Bets-21\src\main\resources\bets.temp' is opened by 13896@Portatil

[2022-03-07 22:51:37 #2 type.registry] 
New type domain.Question

[2022-03-07 22:51:37 #3 type] 
Type domain.Question is not enhanced.

[2022-03-07 22:51:37 #4 type.registry] 
New type domain.Event

[2022-03-07 22:51:37 #5 type] 
Type domain.Event is not enhanced.

[2022-03-07 22:51:37 #6 type.registry] 
New type java.util.Vector<domain.Question>

[2022-03-07 22:51:37 #7 type.registry] 
New type java.util.Vector<java.lang.Object>

